CRITICAL - 2022-09-14 01:33:29 --> Call to undefined function App\Controllers\split()
#0 D:\wamp64\www\jurnalsimulator\app\Controllers\Sakitsim.php(173): App\Controllers\Sakitsim->simpan_tanpa()
#1 D:\wamp64\www\jurnalsimulator\system\CodeIgniter.php(832): App\Controllers\Sakitsim->ajax_add()
#2 D:\wamp64\www\jurnalsimulator\system\CodeIgniter.php(419): CodeIgniter\CodeIgniter->runController(Object(App\Controllers\Sakitsim))
#3 D:\wamp64\www\jurnalsimulator\system\CodeIgniter.php(326): CodeIgniter\CodeIgniter->handleRequest(NULL, Object(Config\Cache), false)
#4 D:\wamp64\www\jurnalsimulator\public\index.php(37): CodeIgniter\CodeIgniter->run()
#5 {main}
CRITICAL - 2022-09-14 01:33:32 --> Call to undefined function App\Controllers\split()
#0 D:\wamp64\www\jurnalsimulator\app\Controllers\Sakitsim.php(173): App\Controllers\Sakitsim->simpan_tanpa()
#1 D:\wamp64\www\jurnalsimulator\system\CodeIgniter.php(832): App\Controllers\Sakitsim->ajax_add()
#2 D:\wamp64\www\jurnalsimulator\system\CodeIgniter.php(419): CodeIgniter\CodeIgniter->runController(Object(App\Controllers\Sakitsim))
#3 D:\wamp64\www\jurnalsimulator\system\CodeIgniter.php(326): CodeIgniter\CodeIgniter->handleRequest(NULL, Object(Config\Cache), false)
#4 D:\wamp64\www\jurnalsimulator\public\index.php(37): CodeIgniter\CodeIgniter->run()
#5 {main}
CRITICAL - 2022-09-14 01:48:03 --> Call to undefined function App\Controllers\split()
#0 D:\wamp64\www\jurnalsimulator\app\Controllers\Sakitsim.php(173): App\Controllers\Sakitsim->simpan_tanpa()
#1 D:\wamp64\www\jurnalsimulator\system\CodeIgniter.php(832): App\Controllers\Sakitsim->ajax_add()
#2 D:\wamp64\www\jurnalsimulator\system\CodeIgniter.php(419): CodeIgniter\CodeIgniter->runController(Object(App\Controllers\Sakitsim))
#3 D:\wamp64\www\jurnalsimulator\system\CodeIgniter.php(326): CodeIgniter\CodeIgniter->handleRequest(NULL, Object(Config\Cache), false)
#4 D:\wamp64\www\jurnalsimulator\public\index.php(37): CodeIgniter\CodeIgniter->run()
#5 {main}
CRITICAL - 2022-09-14 01:48:18 --> Call to undefined function App\Controllers\split()
#0 D:\wamp64\www\jurnalsimulator\app\Controllers\Sakitsim.php(173): App\Controllers\Sakitsim->simpan_tanpa()
#1 D:\wamp64\www\jurnalsimulator\system\CodeIgniter.php(832): App\Controllers\Sakitsim->ajax_add()
#2 D:\wamp64\www\jurnalsimulator\system\CodeIgniter.php(419): CodeIgniter\CodeIgniter->runController(Object(App\Controllers\Sakitsim))
#3 D:\wamp64\www\jurnalsimulator\system\CodeIgniter.php(326): CodeIgniter\CodeIgniter->handleRequest(NULL, Object(Config\Cache), false)
#4 D:\wamp64\www\jurnalsimulator\public\index.php(37): CodeIgniter\CodeIgniter->run()
#5 {main}
CRITICAL - 2022-09-14 02:26:20 --> Trying to get property 'nama_simulator' of non-object
#0 D:\wamp64\www\jurnalsimulator\app\Controllers\Sakitsim.php(75): CodeIgniter\Debug\Exceptions->errorHandler(8, 'Trying to get p...', 'D:\\wamp64\\www\\j...', 75, Array)
#1 D:\wamp64\www\jurnalsimulator\system\CodeIgniter.php(832): App\Controllers\Sakitsim->ajaxlist()
#2 D:\wamp64\www\jurnalsimulator\system\CodeIgniter.php(419): CodeIgniter\CodeIgniter->runController(Object(App\Controllers\Sakitsim))
#3 D:\wamp64\www\jurnalsimulator\system\CodeIgniter.php(326): CodeIgniter\CodeIgniter->handleRequest(NULL, Object(Config\Cache), false)
#4 D:\wamp64\www\jurnalsimulator\public\index.php(37): CodeIgniter\CodeIgniter->run()
#5 {main}
CRITICAL - 2022-09-14 02:26:23 --> Trying to get property 'nama_simulator' of non-object
#0 D:\wamp64\www\jurnalsimulator\app\Controllers\Sakitsim.php(75): CodeIgniter\Debug\Exceptions->errorHandler(8, 'Trying to get p...', 'D:\\wamp64\\www\\j...', 75, Array)
#1 D:\wamp64\www\jurnalsimulator\system\CodeIgniter.php(832): App\Controllers\Sakitsim->ajaxlist()
#2 D:\wamp64\www\jurnalsimulator\system\CodeIgniter.php(419): CodeIgniter\CodeIgniter->runController(Object(App\Controllers\Sakitsim))
#3 D:\wamp64\www\jurnalsimulator\system\CodeIgniter.php(326): CodeIgniter\CodeIgniter->handleRequest(NULL, Object(Config\Cache), false)
#4 D:\wamp64\www\jurnalsimulator\public\index.php(37): CodeIgniter\CodeIgniter->run()
#5 {main}
CRITICAL - 2022-09-14 02:28:31 --> Trying to get property 'nama_simulator' of non-object
#0 D:\wamp64\www\jurnalsimulator\app\Controllers\Sakitsim.php(75): CodeIgniter\Debug\Exceptions->errorHandler(8, 'Trying to get p...', 'D:\\wamp64\\www\\j...', 75, Array)
#1 D:\wamp64\www\jurnalsimulator\system\CodeIgniter.php(832): App\Controllers\Sakitsim->ajaxlist()
#2 D:\wamp64\www\jurnalsimulator\system\CodeIgniter.php(419): CodeIgniter\CodeIgniter->runController(Object(App\Controllers\Sakitsim))
#3 D:\wamp64\www\jurnalsimulator\system\CodeIgniter.php(326): CodeIgniter\CodeIgniter->handleRequest(NULL, Object(Config\Cache), false)
#4 D:\wamp64\www\jurnalsimulator\public\index.php(37): CodeIgniter\CodeIgniter->run()
#5 {main}
ERROR - 2022-09-14 02:32:13 --> You have an error in your SQL syntax; check the manual that corresponds to your MySQL server version for the right syntax to use near '.nama_simulator, date_format(a.tanggal, '%d %M %Y') as tgl, a.kegiatan from osl ' at line 1
CRITICAL - 2022-09-14 02:32:13 --> You have an error in your SQL syntax; check the manual that corresponds to your MySQL server version for the right syntax to use near '.nama_simulator, date_format(a.tanggal, '%d %M %Y') as tgl, a.kegiatan from osl ' at line 1
#0 D:\wamp64\www\jurnalsimulator\system\Database\MySQLi\Connection.php(292): mysqli->query('select c.idsimu...', 0)
#1 D:\wamp64\www\jurnalsimulator\system\Database\BaseConnection.php(670): CodeIgniter\Database\MySQLi\Connection->execute('select c.idsimu...')
#2 D:\wamp64\www\jurnalsimulator\system\Database\BaseConnection.php(598): CodeIgniter\Database\BaseConnection->simpleQuery('select c.idsimu...')
#3 D:\wamp64\www\jurnalsimulator\app\Models\Mcustom.php(21): CodeIgniter\Database\BaseConnection->query('select c.idsimu...')
#4 D:\wamp64\www\jurnalsimulator\app\Controllers\Sakitsim.php(104): App\Models\Mcustom->getAllQ('select c.idsimu...')
#5 D:\wamp64\www\jurnalsimulator\system\CodeIgniter.php(832): App\Controllers\Sakitsim->load_sim('Latihan')
#6 D:\wamp64\www\jurnalsimulator\system\CodeIgniter.php(419): CodeIgniter\CodeIgniter->runController(Object(App\Controllers\Sakitsim))
#7 D:\wamp64\www\jurnalsimulator\system\CodeIgniter.php(326): CodeIgniter\CodeIgniter->handleRequest(NULL, Object(Config\Cache), false)
#8 D:\wamp64\www\jurnalsimulator\public\index.php(37): CodeIgniter\CodeIgniter->run()
#9 {main}
ERROR - 2022-09-14 02:32:28 --> You have an error in your SQL syntax; check the manual that corresponds to your MySQL server version for the right syntax to use near '.nama_simulator, date_format(a.tanggal, '%d %M %Y') as tgl, a.kegiatan from osl ' at line 1
CRITICAL - 2022-09-14 02:32:28 --> You have an error in your SQL syntax; check the manual that corresponds to your MySQL server version for the right syntax to use near '.nama_simulator, date_format(a.tanggal, '%d %M %Y') as tgl, a.kegiatan from osl ' at line 1
#0 D:\wamp64\www\jurnalsimulator\system\Database\MySQLi\Connection.php(292): mysqli->query('select c.idsimu...', 0)
#1 D:\wamp64\www\jurnalsimulator\system\Database\BaseConnection.php(670): CodeIgniter\Database\MySQLi\Connection->execute('select c.idsimu...')
#2 D:\wamp64\www\jurnalsimulator\system\Database\BaseConnection.php(598): CodeIgniter\Database\BaseConnection->simpleQuery('select c.idsimu...')
#3 D:\wamp64\www\jurnalsimulator\app\Models\Mcustom.php(21): CodeIgniter\Database\BaseConnection->query('select c.idsimu...')
#4 D:\wamp64\www\jurnalsimulator\app\Controllers\Sakitsim.php(104): App\Models\Mcustom->getAllQ('select c.idsimu...')
#5 D:\wamp64\www\jurnalsimulator\system\CodeIgniter.php(832): App\Controllers\Sakitsim->load_sim('Latihan')
#6 D:\wamp64\www\jurnalsimulator\system\CodeIgniter.php(419): CodeIgniter\CodeIgniter->runController(Object(App\Controllers\Sakitsim))
#7 D:\wamp64\www\jurnalsimulator\system\CodeIgniter.php(326): CodeIgniter\CodeIgniter->handleRequest(NULL, Object(Config\Cache), false)
#8 D:\wamp64\www\jurnalsimulator\public\index.php(37): CodeIgniter\CodeIgniter->run()
#9 {main}
ERROR - 2022-09-14 02:37:35 --> You have an error in your SQL syntax; check the manual that corresponds to your MySQL server version for the right syntax to use near '.nama_simulator, date_format(a.tanggal, '%d %M %Y') as tgl, a.kegiatan from osl ' at line 1
CRITICAL - 2022-09-14 02:37:35 --> You have an error in your SQL syntax; check the manual that corresponds to your MySQL server version for the right syntax to use near '.nama_simulator, date_format(a.tanggal, '%d %M %Y') as tgl, a.kegiatan from osl ' at line 1
#0 D:\wamp64\www\jurnalsimulator\system\Database\MySQLi\Connection.php(292): mysqli->query('select c.idsimu...', 0)
#1 D:\wamp64\www\jurnalsimulator\system\Database\BaseConnection.php(670): CodeIgniter\Database\MySQLi\Connection->execute('select c.idsimu...')
#2 D:\wamp64\www\jurnalsimulator\system\Database\BaseConnection.php(598): CodeIgniter\Database\BaseConnection->simpleQuery('select c.idsimu...')
#3 D:\wamp64\www\jurnalsimulator\app\Models\Mcustom.php(21): CodeIgniter\Database\BaseConnection->query('select c.idsimu...')
#4 D:\wamp64\www\jurnalsimulator\app\Controllers\Sakitsim.php(104): App\Models\Mcustom->getAllQ('select c.idsimu...')
#5 D:\wamp64\www\jurnalsimulator\system\CodeIgniter.php(832): App\Controllers\Sakitsim->load_sim('Latihan')
#6 D:\wamp64\www\jurnalsimulator\system\CodeIgniter.php(419): CodeIgniter\CodeIgniter->runController(Object(App\Controllers\Sakitsim))
#7 D:\wamp64\www\jurnalsimulator\system\CodeIgniter.php(326): CodeIgniter\CodeIgniter->handleRequest(NULL, Object(Config\Cache), false)
#8 D:\wamp64\www\jurnalsimulator\public\index.php(37): CodeIgniter\CodeIgniter->run()
#9 {main}
ERROR - 2022-09-14 02:38:34 --> You have an error in your SQL syntax; check the manual that corresponds to your MySQL server version for the right syntax to use near '.nama_simulator, date_format(a.tanggal, '%d %M %Y') as tgl, a.kegiatan from osl ' at line 1
CRITICAL - 2022-09-14 02:38:34 --> You have an error in your SQL syntax; check the manual that corresponds to your MySQL server version for the right syntax to use near '.nama_simulator, date_format(a.tanggal, '%d %M %Y') as tgl, a.kegiatan from osl ' at line 1
#0 D:\wamp64\www\jurnalsimulator\system\Database\MySQLi\Connection.php(292): mysqli->query('select c.idsimu...', 0)
#1 D:\wamp64\www\jurnalsimulator\system\Database\BaseConnection.php(670): CodeIgniter\Database\MySQLi\Connection->execute('select c.idsimu...')
#2 D:\wamp64\www\jurnalsimulator\system\Database\BaseConnection.php(598): CodeIgniter\Database\BaseConnection->simpleQuery('select c.idsimu...')
#3 D:\wamp64\www\jurnalsimulator\app\Models\Mcustom.php(21): CodeIgniter\Database\BaseConnection->query('select c.idsimu...')
#4 D:\wamp64\www\jurnalsimulator\app\Controllers\Sakitsim.php(104): App\Models\Mcustom->getAllQ('select c.idsimu...')
#5 D:\wamp64\www\jurnalsimulator\system\CodeIgniter.php(832): App\Controllers\Sakitsim->load_sim('Latihan')
#6 D:\wamp64\www\jurnalsimulator\system\CodeIgniter.php(419): CodeIgniter\CodeIgniter->runController(Object(App\Controllers\Sakitsim))
#7 D:\wamp64\www\jurnalsimulator\system\CodeIgniter.php(326): CodeIgniter\CodeIgniter->handleRequest(NULL, Object(Config\Cache), false)
#8 D:\wamp64\www\jurnalsimulator\public\index.php(37): CodeIgniter\CodeIgniter->run()
#9 {main}
ERROR - 2022-09-14 02:38:35 --> You have an error in your SQL syntax; check the manual that corresponds to your MySQL server version for the right syntax to use near '.nama_simulator, date_format(a.tanggal, '%d %M %Y') as tgl, a.kegiatan from osl ' at line 1
CRITICAL - 2022-09-14 02:38:35 --> You have an error in your SQL syntax; check the manual that corresponds to your MySQL server version for the right syntax to use near '.nama_simulator, date_format(a.tanggal, '%d %M %Y') as tgl, a.kegiatan from osl ' at line 1
#0 D:\wamp64\www\jurnalsimulator\system\Database\MySQLi\Connection.php(292): mysqli->query('select c.idsimu...', 0)
#1 D:\wamp64\www\jurnalsimulator\system\Database\BaseConnection.php(670): CodeIgniter\Database\MySQLi\Connection->execute('select c.idsimu...')
#2 D:\wamp64\www\jurnalsimulator\system\Database\BaseConnection.php(598): CodeIgniter\Database\BaseConnection->simpleQuery('select c.idsimu...')
#3 D:\wamp64\www\jurnalsimulator\app\Models\Mcustom.php(21): CodeIgniter\Database\BaseConnection->query('select c.idsimu...')
#4 D:\wamp64\www\jurnalsimulator\app\Controllers\Sakitsim.php(104): App\Models\Mcustom->getAllQ('select c.idsimu...')
#5 D:\wamp64\www\jurnalsimulator\system\CodeIgniter.php(832): App\Controllers\Sakitsim->load_sim('Latihan')
#6 D:\wamp64\www\jurnalsimulator\system\CodeIgniter.php(419): CodeIgniter\CodeIgniter->runController(Object(App\Controllers\Sakitsim))
#7 D:\wamp64\www\jurnalsimulator\system\CodeIgniter.php(326): CodeIgniter\CodeIgniter->handleRequest(NULL, Object(Config\Cache), false)
#8 D:\wamp64\www\jurnalsimulator\public\index.php(37): CodeIgniter\CodeIgniter->run()
#9 {main}
